#
# There is insufficient memory for the Java Runtime Environment to continue.
# Native memory allocation (mmap) failed to map 134217728 bytes for Failed to commit area from 0x0000000081600000 to 0x0000000089600000 of length 134217728.
# Possible reasons:
#   The system is out of physical RAM or swap space
#   The process is running with CompressedOops enabled, and the Java Heap may be blocking the growth of the native heap
# Possible solutions:
#   Reduce memory load on the system
#   Increase physical memory or swap space
#   Check if swap backing store is full
#   Decrease Java heap size (-Xmx/-Xms)
#   Decrease number of Java threads
#   Decrease Java thread stack sizes (-Xss)
#   Set larger code cache with -XX:ReservedCodeCacheSize=
# This output file may be truncated or incomplete.
#
#  Out of Memory Error (./open/src/hotspot/os/windows/os_windows.cpp:3275), pid=9180, tid=3716
#
# JRE version:  (11.0.8+10) (build )
# Java VM: Java HotSpot(TM) 64-Bit Server VM (11.0.8+10-LTS, mixed mode, sharing, tiered, compressed oops, g1 gc, windows-amd64)
# No core dump will be written. Minidumps are not enabled by default on client versions of Windows
#

---------------  S U M M A R Y ------------

Command Line: -Dmaven.home=EMBEDDED -Dclassworlds.conf=C:\Users\Edmilson\eclipse-workspace\.metadata\.plugins\org.eclipse.m2e.launching\launches\m2conf1814547705903621732.tmp -Dmaven.multiModuleProjectDirectory=C:\Users\Edmilson\Desktop\DAW\UPA-EdmilsonSantana -Dfile.encoding=Cp1252 org.codehaus.plexus.classworlds.launcher.Launcher -B

Host: Intel(R) Core(TM) i5-5200U CPU @ 2.20GHz, 4 cores, 7G,  Windows 10 , 64 bit Build 18362 (10.0.18362.1350)
Time: Thu Mar 25 15:22:46 2021 Hora oficial do Brasil elapsed time: 0 seconds (0d 0h 0m 0s)

---------------  T H R E A D  ---------------

Current thread (0x000001ab7b609000):  JavaThread "Unknown thread" [_thread_in_vm, id=3716, stack(0x00000082d4c00000,0x00000082d4d00000)]

Stack: [0x00000082d4c00000,0x00000082d4d00000]
Native frames: (J=compiled Java code, j=interpreted, Vv=VM code, C=native code)
V  [jvm.dll+0x601aea]
V  [jvm.dll+0x737fef]
V  [jvm.dll+0x739675]
V  [jvm.dll+0x739cf3]
V  [jvm.dll+0x242848]
V  [jvm.dll+0x5fef8a]
V  [jvm.dll+0x5f3eb5]
V  [jvm.dll+0x2f651c]
V  [jvm.dll+0x2f63a2]
V  [jvm.dll+0x2fb056]
V  [jvm.dll+0x33ce9f]
V  [jvm.dll+0x33c8d0]
V  [jvm.dll+0x2d4768]
V  [jvm.dll+0x2d58c6]
V  [jvm.dll+0x713e67]
V  [jvm.dll+0x71570f]
V  [jvm.dll+0x349c19]
V  [jvm.dll+0x6f97f0]
V  [jvm.dll+0x3b2a5f]
V  [jvm.dll+0x3b4e81]
C  [jli.dll+0x5213]
C  [ucrtbase.dll+0x210b2]
C  [KERNEL32.DLL+0x17c24]
C  [ntdll.dll+0x6d721]


---------------  P R O C E S S  ---------------

Threads class SMR info:
_java_thread_list=0x000001ab79384ee0, length=0, elements={
}

Java Threads: ( => current thread )

Other Threads:
  0x000001ab7b61e000 GCTaskThread "GC Thread#0" [stack: 0x00000082d4d00000,0x00000082d4e00000] [id=2744]
  0x000001ab7b64f000 ConcurrentGCThread "G1 Main Marker" [stack: 0x00000082d4e00000,0x00000082d4f00000] [id=7900]
  0x000001ab7b650800 ConcurrentGCThread "G1 Conc#0" [stack: 0x00000082d4f00000,0x00000082d5000000] [id=8952]

[error occurred during error reporting (printing all threads), id 0xc0000005, EXCEPTION_ACCESS_VIOLATION (0xc0000005) at pc=0x00007ff94b572f67]

VM state:not at safepoint (not fully initialized)

VM Mutex/Monitor currently owned by a thread:  ([mutex/lock_event])
[0x000001ab7b604910] Heap_lock - owner thread: 0x000001ab7b609000

Heap address: 0x0000000081600000, size: 2026 MB, Compressed Oops mode: Non-zero based: 0x0000000081600000
Narrow klass base: 0x0000000000000000, Narrow klass shift: 0

GC Heap History (0 events):
No events

Deoptimization events (0 events):
No events

Classes redefined (0 events):
No events

Internal exceptions (0 events):
No events

Events (0 events):
No events


Dynamic libraries:
0x00007ff702520000 - 0x00007ff70252f000 	C:\Program Files\Java\jdk-11.0.8\bin\javaw.exe
0x00007ff982a20000 - 0x00007ff982c10000 	C:\Windows\SYSTEM32\ntdll.dll
0x00007ff9824b0000 - 0x00007ff982562000 	C:\Windows\System32\KERNEL32.DLL
0x00007ff9804f0000 - 0x00007ff980795000 	C:\Windows\System32\KERNELBASE.dll
0x00007ff980800000 - 0x00007ff9808fa000 	C:\Windows\System32\ucrtbase.dll
0x00007ff959ae0000 - 0x00007ff959af5000 	C:\Program Files\Java\jdk-11.0.8\bin\VCRUNTIME140.dll
0x00007ff959b00000 - 0x00007ff959b18000 	C:\Program Files\Java\jdk-11.0.8\bin\jli.dll
0x00007ff9815c0000 - 0x00007ff981663000 	C:\Windows\System32\ADVAPI32.dll
0x00007ff9822d0000 - 0x00007ff98236e000 	C:\Windows\System32\msvcrt.dll
0x00007ff982230000 - 0x00007ff9822c7000 	C:\Windows\System32\sechost.dll
0x00007ff981aa0000 - 0x00007ff981bbf000 	C:\Windows\System32\RPCRT4.dll
0x00007ff981c20000 - 0x00007ff981db4000 	C:\Windows\System32\USER32.dll
0x00007ff97f990000 - 0x00007ff97f9b1000 	C:\Windows\System32\win32u.dll
0x00007ff982790000 - 0x00007ff9827b6000 	C:\Windows\System32\GDI32.dll
0x00007ff96c3e0000 - 0x00007ff96c664000 	C:\Windows\WinSxS\amd64_microsoft.windows.common-controls_6595b64144ccf1df_6.0.18362.1440_none_9e7dbfb9e45e8e67\COMCTL32.dll
0x00007ff980930000 - 0x00007ff980ac8000 	C:\Windows\System32\gdi32full.dll
0x00007ff981670000 - 0x00007ff9819a6000 	C:\Windows\System32\combase.dll
0x00007ff97fac0000 - 0x00007ff97fb5e000 	C:\Windows\System32\msvcp_win.dll
0x00007ff97fb80000 - 0x00007ff97fc01000 	C:\Windows\System32\bcryptPrimitives.dll
0x00007ff979f10000 - 0x00007ff979f1a000 	C:\Windows\SYSTEM32\VERSION.dll
0x00007ff982570000 - 0x00007ff98259e000 	C:\Windows\System32\IMM32.DLL
0x00007ff959a40000 - 0x00007ff959adb000 	C:\Program Files\Java\jdk-11.0.8\bin\msvcp140.dll
0x00007ff94b290000 - 0x00007ff94bd76000 	C:\Program Files\Java\jdk-11.0.8\bin\server\jvm.dll
0x00007ff9827c0000 - 0x00007ff9827c8000 	C:\Windows\System32\PSAPI.DLL
0x00007ff97b660000 - 0x00007ff97b669000 	C:\Windows\SYSTEM32\WSOCK32.dll
0x00007ff982370000 - 0x00007ff9823df000 	C:\Windows\System32\WS2_32.dll
0x00007ff97ce90000 - 0x00007ff97ceb4000 	C:\Windows\SYSTEM32\WINMM.dll
0x00007ff97ce60000 - 0x00007ff97ce8d000 	C:\Windows\SYSTEM32\WINMMBASE.dll
0x00007ff97fa70000 - 0x00007ff97faba000 	C:\Windows\System32\cfgmgr32.dll
0x00007ff97f8e0000 - 0x00007ff97f8f1000 	C:\Windows\System32\kernel.appcore.dll
0x00007ff9712c0000 - 0x00007ff9712d0000 	C:\Program Files\Java\jdk-11.0.8\bin\verify.dll
0x00007ff96c8c0000 - 0x00007ff96cab4000 	C:\Windows\SYSTEM32\DBGHELP.DLL
0x00007ff96cb40000 - 0x00007ff96cb6a000 	C:\Windows\SYSTEM32\dbgcore.DLL
0x00007ff952750000 - 0x00007ff952778000 	C:\Program Files\Java\jdk-11.0.8\bin\java.dll
0x00007ff970030000 - 0x00007ff97003a000 	C:\Program Files\Java\jdk-11.0.8\bin\jimage.dll
0x00007ff94b170000 - 0x00007ff94b186000 	C:\Program Files\Java\jdk-11.0.8\bin\zip.dll

dbghelp: loaded successfully - version: 4.0.5 - missing functions: none
symbol engine: initialized successfully - sym options: 0x614 - pdb path: .;C:\Program Files\Java\jdk-11.0.8\bin;C:\Windows\SYSTEM32;C:\Windows\WinSxS\amd64_microsoft.windows.common-controls_6595b64144ccf1df_6.0.18362.1440_none_9e7dbfb9e45e8e67;C:\Program Files\Java\jdk-11.0.8\bin\server

VM Arguments:
jvm_args: -Dmaven.home=EMBEDDED -Dclassworlds.conf=C:\Users\Edmilson\eclipse-workspace\.metadata\.plugins\org.eclipse.m2e.launching\launches\m2conf1814547705903621732.tmp -Dmaven.multiModuleProjectDirectory=C:\Users\Edmilson\Desktop\DAW\UPA-EdmilsonSantana -Dfile.encoding=Cp1252 
java_command: org.codehaus.plexus.classworlds.launcher.Launcher -B
java_class_path (initial): C:\Users\Edmilson\.p2\pool\plugins\org.eclipse.m2e.maven.runtime_1.16.0.20200610-1735\jars\plexus-classworlds-2.6.0.jar
Launcher Type: SUN_STANDARD

[Global flags]
     intx CICompilerCount                          = 3                                         {product} {ergonomic}
     uint ConcGCThreads                            = 1                                         {product} {ergonomic}
     uint G1ConcRefinementThreads                  = 4                                         {product} {ergonomic}
   size_t G1HeapRegionSize                         = 1048576                                   {product} {ergonomic}
    uintx GCDrainStackTargetSize                   = 64                                        {product} {ergonomic}
   size_t InitialHeapSize                          = 134217728                                 {product} {ergonomic}
   size_t MarkStackSize                            = 4194304                                   {product} {ergonomic}
   size_t MaxHeapSize                              = 2124414976                                {product} {ergonomic}
   size_t MinHeapDeltaBytes                        = 1048576                                   {product} {ergonomic}
    uintx NonNMethodCodeHeapSize                   = 5830732                                {pd product} {ergonomic}
    uintx NonProfiledCodeHeapSize                  = 122913754                              {pd product} {ergonomic}
    uintx ProfiledCodeHeapSize                     = 122913754                              {pd product} {ergonomic}
    uintx ReservedCodeCacheSize                    = 251658240                              {pd product} {ergonomic}
     bool SegmentedCodeCache                       = true                                      {product} {ergonomic}
     bool UseCompressedClassPointers               = true                                 {lp64_product} {ergonomic}
     bool UseCompressedOops                        = true                                 {lp64_product} {ergonomic}
     bool UseG1GC                                  = true                                      {product} {ergonomic}
     bool UseLargePagesIndividualAllocation        = false                                  {pd product} {ergonomic}

Logging:
Log output configuration:
 #0: stdout all=warning uptime,level,tags
 #1: stderr all=off uptime,level,tags

Environment Variables:
PATH=C:\Program Files\Common Files\Oracle\Java\javapath;C:\Windows\system32;C:\Windows;C:\Windows\System32\Wbem;C:\Windows\System32\WindowsPowerShell\v1.0\;C:\Windows\System32\OpenSSH\;C:\Program Files (x86)\NVIDIA Corporation\PhysX\Common;C:\Program Files\Java\jdk-13.0.2\bin;C:\Program Files\NVIDIA Corporation\NVIDIA NvDLISR;C:\MinGW\bin;C:\Users\Edmilson\AppData\Local\Programs\Python\Python39\Scripts\;C:\Users\Edmilson\AppData\Local\Programs\Python\Python39\;C:\Users\Edmilson\AppData\Local\Microsoft\WindowsApps;C:\Users\Edmilson\AppData\Local\GitHubDesktop\bin;C:\Users\Edmilson\AppData\Local\Programs\Microsoft VS Code\bin;C:\Program Files\JetBrains\IntelliJ IDEA 2020.3.3\bin;;C:\Program Files\JetBrains\IntelliJ IDEA Community Edition 2020.3.3\bin;
USERNAME=Edmilson
OS=Windows_NT
PROCESSOR_IDENTIFIER=Intel64 Family 6 Model 61 Stepping 4, GenuineIntel



---------------  S Y S T E M  ---------------

OS: Windows 10 , 64 bit Build 18362 (10.0.18362.1350)

CPU:total 4 (initial active 4) (2 cores per cpu, 2 threads per core) family 6 model 61 stepping 4, cmov, cx8, fxsr, mmx, sse, sse2, sse3, ssse3, sse4.1, sse4.2, popcnt, avx, avx2, aes, clmul, erms, 3dnowpref, lzcnt, ht, tsc, tscinvbit, bmi1, bmi2, adx, fma

Memory: 4k page, system-wide physical 8102M (714M free)
TotalPageFile size 8102M (AvailPageFile size 116M)
current process WorkingSet (physical memory assigned to process): 9M, peak: 9M
current process commit charge ("private bytes"): 51M, peak: 179M

vm_info: Java HotSpot(TM) 64-Bit Server VM (11.0.8+10-LTS) for windows-amd64 JRE (11.0.8+10-LTS), built on Jun 16 2020 05:53:08 by "mach5one" with unknown MS VC++:1916

END.
